[31-Jan-2016 19:31:31 UTC] PHP Warning:  Invalid argument supplied for foreach() in /home/ubuntu/workspace/view/adminAuthor/delateAuthor.php on line 2
[31-Jan-2016 19:31:31 UTC] PHP Stack trace:
[31-Jan-2016 19:31:31 UTC] PHP   1. {main}() /home/ubuntu/workspace/view/adminAuthor/delateAuthor.php:0
[31-Jan-2016 19:32:01 UTC] PHP Warning:  Invalid argument supplied for foreach() in /home/ubuntu/workspace/view/adminAuthor/delateAuthor.php on line 2
[31-Jan-2016 19:32:01 UTC] PHP Stack trace:
[31-Jan-2016 19:32:01 UTC] PHP   1. {main}() /home/ubuntu/workspace/view/adminAuthor/delateAuthor.php:0
[31-Jan-2016 19:33:00 UTC] PHP Warning:  Invalid argument supplied for foreach() in /home/ubuntu/workspace/view/adminAuthor/delateAuthor.php on line 2
[31-Jan-2016 19:33:00 UTC] PHP Stack trace:
[31-Jan-2016 19:33:00 UTC] PHP   1. {main}() /home/ubuntu/workspace/view/adminAuthor/delateAuthor.php:0
[02-Feb-2016 23:19:56 UTC] PHP Fatal error:  Call to undefined function pre() in /home/ubuntu/workspace/view/adminAuthor/updateAuthorForm.php on line 9
[02-Feb-2016 23:19:56 UTC] PHP Stack trace:
[02-Feb-2016 23:19:56 UTC] PHP   1. {main}() /home/ubuntu/workspace/view/adminAuthor/updateAuthorForm.php:0
[22-Feb-2016 20:41:09 UTC] PHP Warning:  Invalid argument supplied for foreach() in /home/ubuntu/workspace/view/adminBook/addBookForm.php on line 9
[22-Feb-2016 20:41:09 UTC] PHP Stack trace:
[22-Feb-2016 20:41:09 UTC] PHP   1. {main}() /home/ubuntu/workspace/view/adminBook/addBookForm.php:0
[22-Feb-2016 20:41:09 UTC] PHP Warning:  Invalid argument supplied for foreach() in /home/ubuntu/workspace/view/adminBook/addBookForm.php on line 14
[22-Feb-2016 20:41:09 UTC] PHP Stack trace:
[22-Feb-2016 20:41:09 UTC] PHP   1. {main}() /home/ubuntu/workspace/view/adminBook/addBookForm.php:0
[22-Feb-2016 20:51:15 UTC] PHP Warning:  Invalid argument supplied for foreach() in /home/ubuntu/workspace/view/adminBook/addBookForm.php on line 10
[22-Feb-2016 20:51:15 UTC] PHP Stack trace:
[22-Feb-2016 20:51:15 UTC] PHP   1. {main}() /home/ubuntu/workspace/view/adminBook/addBookForm.php:0
[22-Feb-2016 20:51:15 UTC] PHP Warning:  Invalid argument supplied for foreach() in /home/ubuntu/workspace/view/adminBook/addBookForm.php on line 16
[22-Feb-2016 20:51:15 UTC] PHP Stack trace:
[22-Feb-2016 20:51:15 UTC] PHP   1. {main}() /home/ubuntu/workspace/view/adminBook/addBookForm.php:0
[22-Feb-2016 20:51:43 UTC] PHP Warning:  Invalid argument supplied for foreach() in /home/ubuntu/workspace/view/adminBook/addBookForm.php on line 10
[22-Feb-2016 20:51:43 UTC] PHP Stack trace:
[22-Feb-2016 20:51:43 UTC] PHP   1. {main}() /home/ubuntu/workspace/view/adminBook/addBookForm.php:0
[22-Feb-2016 20:51:43 UTC] PHP Warning:  Invalid argument supplied for foreach() in /home/ubuntu/workspace/view/adminBook/addBookForm.php on line 16
[22-Feb-2016 20:51:43 UTC] PHP Stack trace:
[22-Feb-2016 20:51:43 UTC] PHP   1. {main}() /home/ubuntu/workspace/view/adminBook/addBookForm.php:0
[22-Feb-2016 20:51:45 UTC] PHP Warning:  Invalid argument supplied for foreach() in /home/ubuntu/workspace/view/adminBook/addBookForm.php on line 10
[22-Feb-2016 20:51:45 UTC] PHP Stack trace:
[22-Feb-2016 20:51:45 UTC] PHP   1. {main}() /home/ubuntu/workspace/view/adminBook/addBookForm.php:0
[22-Feb-2016 20:51:45 UTC] PHP Warning:  Invalid argument supplied for foreach() in /home/ubuntu/workspace/view/adminBook/addBookForm.php on line 16
[22-Feb-2016 20:51:45 UTC] PHP Stack trace:
[22-Feb-2016 20:51:45 UTC] PHP   1. {main}() /home/ubuntu/workspace/view/adminBook/addBookForm.php:0
[22-Feb-2016 20:51:53 UTC] PHP Warning:  Invalid argument supplied for foreach() in /home/ubuntu/workspace/view/adminBook/addBookForm.php on line 10
[22-Feb-2016 20:51:53 UTC] PHP Stack trace:
[22-Feb-2016 20:51:53 UTC] PHP   1. {main}() /home/ubuntu/workspace/view/adminBook/addBookForm.php:0
[22-Feb-2016 20:51:53 UTC] PHP Warning:  Invalid argument supplied for foreach() in /home/ubuntu/workspace/view/adminBook/addBookForm.php on line 16
[22-Feb-2016 20:51:53 UTC] PHP Stack trace:
[22-Feb-2016 20:51:53 UTC] PHP   1. {main}() /home/ubuntu/workspace/view/adminBook/addBookForm.php:0
[22-Feb-2016 20:53:06 UTC] PHP Warning:  Invalid argument supplied for foreach() in /home/ubuntu/workspace/view/adminBook/addBookForm.php on line 10
[22-Feb-2016 20:53:06 UTC] PHP Stack trace:
[22-Feb-2016 20:53:06 UTC] PHP   1. {main}() /home/ubuntu/workspace/view/adminBook/addBookForm.php:0
[22-Feb-2016 20:53:06 UTC] PHP Warning:  Invalid argument supplied for foreach() in /home/ubuntu/workspace/view/adminBook/addBookForm.php on line 16
[22-Feb-2016 20:53:06 UTC] PHP Stack trace:
[22-Feb-2016 20:53:06 UTC] PHP   1. {main}() /home/ubuntu/workspace/view/adminBook/addBookForm.php:0
[22-Feb-2016 20:53:35 UTC] PHP Warning:  Invalid argument supplied for foreach() in /home/ubuntu/workspace/view/adminBook/addBookForm.php on line 10
[22-Feb-2016 20:53:35 UTC] PHP Stack trace:
[22-Feb-2016 20:53:35 UTC] PHP   1. {main}() /home/ubuntu/workspace/view/adminBook/addBookForm.php:0
[22-Feb-2016 20:53:35 UTC] PHP Warning:  Invalid argument supplied for foreach() in /home/ubuntu/workspace/view/adminBook/addBookForm.php on line 16
[22-Feb-2016 20:53:35 UTC] PHP Stack trace:
[22-Feb-2016 20:53:35 UTC] PHP   1. {main}() /home/ubuntu/workspace/view/adminBook/addBookForm.php:0
[22-Feb-2016 20:54:53 UTC] PHP Warning:  Invalid argument supplied for foreach() in /home/ubuntu/workspace/view/adminBook/addBookForm.php on line 10
[22-Feb-2016 20:54:53 UTC] PHP Stack trace:
[22-Feb-2016 20:54:53 UTC] PHP   1. {main}() /home/ubuntu/workspace/view/adminBook/addBookForm.php:0
[22-Feb-2016 20:54:53 UTC] PHP Warning:  Invalid argument supplied for foreach() in /home/ubuntu/workspace/view/adminBook/addBookForm.php on line 16
[22-Feb-2016 20:54:53 UTC] PHP Stack trace:
[22-Feb-2016 20:54:53 UTC] PHP   1. {main}() /home/ubuntu/workspace/view/adminBook/addBookForm.php:0
[22-Feb-2016 20:56:43 UTC] PHP Warning:  Invalid argument supplied for foreach() in /home/ubuntu/workspace/view/adminBook/addBookForm.php on line 10
[22-Feb-2016 20:56:43 UTC] PHP Stack trace:
[22-Feb-2016 20:56:43 UTC] PHP   1. {main}() /home/ubuntu/workspace/view/adminBook/addBookForm.php:0
[22-Feb-2016 20:56:43 UTC] PHP Warning:  Invalid argument supplied for foreach() in /home/ubuntu/workspace/view/adminBook/addBookForm.php on line 16
[22-Feb-2016 20:56:43 UTC] PHP Stack trace:
[22-Feb-2016 20:56:43 UTC] PHP   1. {main}() /home/ubuntu/workspace/view/adminBook/addBookForm.php:0
[22-Feb-2016 20:58:23 UTC] PHP Warning:  Invalid argument supplied for foreach() in /home/ubuntu/workspace/view/adminBook/addBookForm.php on line 10
[22-Feb-2016 20:58:23 UTC] PHP Stack trace:
[22-Feb-2016 20:58:23 UTC] PHP   1. {main}() /home/ubuntu/workspace/view/adminBook/addBookForm.php:0
[22-Feb-2016 20:58:23 UTC] PHP Warning:  Invalid argument supplied for foreach() in /home/ubuntu/workspace/view/adminBook/addBookForm.php on line 15
[22-Feb-2016 20:58:23 UTC] PHP Stack trace:
[22-Feb-2016 20:58:23 UTC] PHP   1. {main}() /home/ubuntu/workspace/view/adminBook/addBookForm.php:0
[22-Feb-2016 20:58:56 UTC] PHP Parse error:  syntax error, unexpected ')' in /home/ubuntu/workspace/view/adminBook/addBookForm.php on line 10
[22-Feb-2016 21:48:16 UTC] PHP Warning:  Invalid argument supplied for foreach() in /home/ubuntu/workspace/view/adminBook/addBookForm.php on line 10
[22-Feb-2016 21:48:16 UTC] PHP Stack trace:
[22-Feb-2016 21:48:16 UTC] PHP   1. {main}() /home/ubuntu/workspace/view/adminBook/addBookForm.php:0
[22-Feb-2016 22:13:02 UTC] PHP Warning:  Invalid argument supplied for foreach() in /home/ubuntu/workspace/view/adminBook/addBookForm.php on line 10
[22-Feb-2016 22:13:02 UTC] PHP Stack trace:
[22-Feb-2016 22:13:02 UTC] PHP   1. {main}() /home/ubuntu/workspace/view/adminBook/addBookForm.php:0
[22-Feb-2016 22:13:04 UTC] PHP Warning:  Invalid argument supplied for foreach() in /home/ubuntu/workspace/view/adminBook/addBookForm.php on line 10
[22-Feb-2016 22:13:04 UTC] PHP Stack trace:
[22-Feb-2016 22:13:04 UTC] PHP   1. {main}() /home/ubuntu/workspace/view/adminBook/addBookForm.php:0
[22-Feb-2016 22:13:11 UTC] PHP Warning:  Invalid argument supplied for foreach() in /home/ubuntu/workspace/view/adminBook/addBookForm.php on line 10
[22-Feb-2016 22:13:11 UTC] PHP Stack trace:
[22-Feb-2016 22:13:11 UTC] PHP   1. {main}() /home/ubuntu/workspace/view/adminBook/addBookForm.php:0
[22-Feb-2016 22:16:56 UTC] PHP Parse error:  syntax error, unexpected 'endforeach' (T_ENDFOREACH) in /home/ubuntu/workspace/view/adminBook/addBookForm.php on line 12
[04-May-2016 20:08:00 UTC] PHP Warning:  Invalid argument supplied for foreach() in /home/ubuntu/workspace/view/mainBook/bookInfo.php on line 44
[04-May-2016 20:08:01 UTC] PHP Stack trace:
[04-May-2016 20:08:01 UTC] PHP   1. {main}() /home/ubuntu/workspace/view/mainBook/bookInfo.php:0
[04-May-2016 20:08:01 UTC] PHP Warning:  Invalid argument supplied for foreach() in /home/ubuntu/workspace/view/mainBook/bookInfo.php on line 51
[04-May-2016 20:08:01 UTC] PHP Stack trace:
[04-May-2016 20:08:01 UTC] PHP   1. {main}() /home/ubuntu/workspace/view/mainBook/bookInfo.php:0
[04-May-2016 20:08:52 UTC] PHP Warning:  Invalid argument supplied for foreach() in /home/ubuntu/workspace/view/mainBook/bookInfo.php on line 44
[04-May-2016 20:08:52 UTC] PHP Stack trace:
[04-May-2016 20:08:52 UTC] PHP   1. {main}() /home/ubuntu/workspace/view/mainBook/bookInfo.php:0
[04-May-2016 20:08:52 UTC] PHP Warning:  Invalid argument supplied for foreach() in /home/ubuntu/workspace/view/mainBook/bookInfo.php on line 51
[04-May-2016 20:08:52 UTC] PHP Stack trace:
[04-May-2016 20:08:52 UTC] PHP   1. {main}() /home/ubuntu/workspace/view/mainBook/bookInfo.php:0
[04-May-2016 20:10:12 UTC] PHP Warning:  Invalid argument supplied for foreach() in /home/ubuntu/workspace/view/mainBook/bookInfo.php on line 42
[04-May-2016 20:10:12 UTC] PHP Stack trace:
[04-May-2016 20:10:12 UTC] PHP   1. {main}() /home/ubuntu/workspace/view/mainBook/bookInfo.php:0
[04-May-2016 20:10:12 UTC] PHP Warning:  Invalid argument supplied for foreach() in /home/ubuntu/workspace/view/mainBook/bookInfo.php on line 49
[04-May-2016 20:10:12 UTC] PHP Stack trace:
[04-May-2016 20:10:12 UTC] PHP   1. {main}() /home/ubuntu/workspace/view/mainBook/bookInfo.php:0
[04-May-2016 20:13:18 UTC] PHP Warning:  Invalid argument supplied for foreach() in /home/ubuntu/workspace/view/mainBook/bookInfo.php on line 42
[04-May-2016 20:13:18 UTC] PHP Stack trace:
[04-May-2016 20:13:18 UTC] PHP   1. {main}() /home/ubuntu/workspace/view/mainBook/bookInfo.php:0
[04-May-2016 20:13:18 UTC] PHP Warning:  Invalid argument supplied for foreach() in /home/ubuntu/workspace/view/mainBook/bookInfo.php on line 49
[04-May-2016 20:13:18 UTC] PHP Stack trace:
[04-May-2016 20:13:18 UTC] PHP   1. {main}() /home/ubuntu/workspace/view/mainBook/bookInfo.php:0
[04-May-2016 20:13:20 UTC] PHP Warning:  Invalid argument supplied for foreach() in /home/ubuntu/workspace/view/mainBook/bookInfo.php on line 42
[04-May-2016 20:13:20 UTC] PHP Stack trace:
[04-May-2016 20:13:20 UTC] PHP   1. {main}() /home/ubuntu/workspace/view/mainBook/bookInfo.php:0
[04-May-2016 20:13:20 UTC] PHP Warning:  Invalid argument supplied for foreach() in /home/ubuntu/workspace/view/mainBook/bookInfo.php on line 49
[04-May-2016 20:13:20 UTC] PHP Stack trace:
[04-May-2016 20:13:20 UTC] PHP   1. {main}() /home/ubuntu/workspace/view/mainBook/bookInfo.php:0
[04-May-2016 20:22:42 UTC] PHP Warning:  Invalid argument supplied for foreach() in /home/ubuntu/workspace/view/mainBook/bookInfo.php on line 9
[04-May-2016 20:22:42 UTC] PHP Stack trace:
[04-May-2016 20:22:42 UTC] PHP   1. {main}() /home/ubuntu/workspace/view/mainBook/bookInfo.php:0
[04-May-2016 20:24:55 UTC] PHP Warning:  Invalid argument supplied for foreach() in /home/ubuntu/workspace/view/mainBook/bookInfo.php on line 9
[04-May-2016 20:24:55 UTC] PHP Stack trace:
[04-May-2016 20:24:55 UTC] PHP   1. {main}() /home/ubuntu/workspace/view/mainBook/bookInfo.php:0
[04-May-2016 21:05:03 UTC] PHP Warning:  Invalid argument supplied for foreach() in /home/ubuntu/workspace/view/mainBook/bookInfoForm.php on line 9
[04-May-2016 21:05:03 UTC] PHP Stack trace:
[04-May-2016 21:05:03 UTC] PHP   1. {main}() /home/ubuntu/workspace/view/mainBook/bookInfoForm.php:0
[04-May-2016 21:05:27 UTC] PHP Warning:  Invalid argument supplied for foreach() in /home/ubuntu/workspace/view/mainBook/bookInfoForm.php on line 9
[04-May-2016 21:05:27 UTC] PHP Stack trace:
[04-May-2016 21:05:27 UTC] PHP   1. {main}() /home/ubuntu/workspace/view/mainBook/bookInfoForm.php:0
